<?xml version="1.0" encoding="UTF-8"?>
<!-- Generated by org.testng.reporters.JUnitReportReporter -->
<testsuite skipped="0" hostname="DESKTOP-CIA7Q19" name="com.crm.organization.OrganazitionTest" tests="1" failures="0" timestamp="17 Nov 2022 14:30:53 GMT" time="99.695" errors="0">
  <testcase name="organazition" time="99.695" classname="com.crm.organization.OrganazitionTest"/>
</testsuite> <!-- com.crm.organization.OrganazitionTest -->
