<?xml version="1.0" encoding="UTF-8"?>
<!-- Generated by org.testng.reporters.JUnitReportReporter -->
<testsuite skipped="0" hostname="DESKTOP-CIA7Q19" name="Practice_1.SoftAssert" tests="2" failures="0" timestamp="07 Oct 2022 06:11:38 GMT" time="0.026" errors="0">
  <testcase name="modifycustomer" time="0.004" classname="Practice_1.SoftAssert"/>
  <testcase name="creatcustomer" time="0.022" classname="Practice_1.SoftAssert"/>
</testsuite> <!-- Practice_1.SoftAssert -->
