<?xml version="1.0" encoding="UTF-8"?>
<!-- Generated by org.testng.reporters.JUnitReportReporter -->
<testsuite skipped="0" hostname="DESKTOP-CIA7Q19" name="com.crm.campaingn.CAMPINGTEST" tests="1" failures="0" timestamp="17 Nov 2022 14:30:53 GMT" time="120.798" errors="0">
  <testcase name="campinge" time="120.798" classname="com.crm.campaingn.CAMPINGTEST"/>
</testsuite> <!-- com.crm.campaingn.CAMPINGTEST -->
