<?xml version="1.0" encoding="UTF-8"?>
<!-- Generated by org.testng.reporters.JUnitReportReporter -->
<testsuite skipped="0" hostname="DESKTOP-CIA7Q19" name="Practice_1.DataproviderTest" tests="5" failures="0" timestamp="10 Oct 2022 07:47:09 GMT" time="0.099" errors="0">
  <testcase name="bookTiclets" time="0.016" classname="Practice_1.DataproviderTest"/>
  <testcase name="bookTiclets" time="0.009" classname="Practice_1.DataproviderTest"/>
  <testcase name="bookTiclets" time="0.007" classname="Practice_1.DataproviderTest"/>
  <testcase name="bookTiclets" time="0.010" classname="Practice_1.DataproviderTest"/>
  <testcase name="bookTiclets" time="0.057" classname="Practice_1.DataproviderTest"/>
</testsuite> <!-- Practice_1.DataproviderTest -->
