<?xml version="1.0" encoding="UTF-8"?>
<!-- Generated by org.testng.reporters.JUnitReportReporter -->
<testsuite skipped="0" hostname="DESKTOP-CIA7Q19" name="com.crm.product.PRODUCT" tests="1" failures="0" timestamp="17 Nov 2022 14:30:53 GMT" time="99.788" errors="0">
  <testcase name="product" time="99.788" classname="com.crm.product.PRODUCT"/>
</testsuite> <!-- com.crm.product.PRODUCT -->
