<?xml version="1.0" encoding="UTF-8"?>
<!-- Generated by org.testng.reporters.JUnitReportReporter -->
<testsuite skipped="0" hostname="DESKTOP-CIA7Q19" name="com.crm.organization.Organazition" tests="1" failures="0" timestamp="10 Oct 2022 07:42:55 GMT" time="39.336" errors="0">
  <testcase name="organazition" time="39.336" classname="com.crm.organization.Organazition"/>
</testsuite> <!-- com.crm.organization.Organazition -->
