<?xml version="1.0" encoding="UTF-8"?>
<!-- Generated by org.testng.reporters.JUnitReportReporter -->
<testsuite skipped="0" hostname="DESKTOP-CIA7Q19" name="com.crm.product.Delete_Product" tests="1" failures="0" timestamp="10 Oct 2022 08:10:06 GMT" time="29.902" errors="0">
  <testcase name="delete_product" time="29.902" classname="com.crm.product.Delete_Product"/>
</testsuite> <!-- com.crm.product.Delete_Product -->
