<?xml version="1.0" encoding="UTF-8"?>
<!-- Generated by org.testng.reporters.JUnitReportReporter -->
<testsuite skipped="0" hostname="DESKTOP-CIA7Q19" name="Practice_1.Samole_TestNG" tests="3" failures="0" timestamp="04 Oct 2022 05:59:54 GMT" time="0.090" errors="0">
  <testcase name="createCustomer" time="0.038" classname="Practice_1.Samole_TestNG"/>
  <testcase name="modifyCustomer" time="0.048" classname="Practice_1.Samole_TestNG"/>
  <testcase name="deletCustomer" time="0.004" classname="Practice_1.Samole_TestNG"/>
</testsuite> <!-- Practice_1.Samole_TestNG -->
