<?xml version="1.0" encoding="UTF-8"?>
<!-- Generated by org.testng.reporters.JUnitReportReporter -->
<testsuite skipped="0" hostname="DESKTOP-CIA7Q19" name="Practices.Data_Provider" tests="3" failures="0" timestamp="14 Oct 2022 06:22:52 GMT" time="138.515" errors="0">
  <testcase name="companyDetails" time="69.487" classname="Practices.Data_Provider"/>
  <testcase name="companyDetails" time="36.035" classname="Practices.Data_Provider"/>
  <testcase name="companyDetails" time="32.993" classname="Practices.Data_Provider"/>
</testsuite> <!-- Practices.Data_Provider -->
